c:\users\pascal\desktop\sdl projects\core\sdlcore\sdl core engine\source\framework\debug\vc120.pdb
c:\users\pascal\desktop\sdl projects\core\sdlcore\sdl core engine\source\framework\debug\vc120.idb
c:\users\pascal\desktop\sdl projects\core\sdlcore\sdl core engine\source\framework\debug\animatedsprite.obj
c:\users\pascal\desktop\sdl projects\core\sdlcore\sdl core engine\source\framework\debug\backbuffer.obj
c:\users\pascal\desktop\sdl projects\core\sdlcore\sdl core engine\source\framework\debug\label.obj
c:\users\pascal\desktop\sdl projects\core\sdlcore\sdl core engine\source\framework\debug\enemy.obj
c:\users\pascal\desktop\sdl projects\core\sdlcore\sdl core engine\source\framework\debug\entity.obj
c:\users\pascal\desktop\sdl projects\core\sdlcore\sdl core engine\source\framework\debug\explosion.obj
c:\users\pascal\desktop\sdl projects\core\sdlcore\sdl core engine\source\framework\debug\inputhandler.obj
c:\users\pascal\desktop\sdl projects\core\sdlcore\sdl core engine\source\framework\debug\logmanager.obj
c:\users\pascal\desktop\sdl projects\core\sdlcore\sdl core engine\source\framework\debug\main.obj
c:\users\pascal\desktop\sdl projects\core\sdlcore\sdl core engine\source\framework\debug\particle.obj
c:\users\pascal\desktop\sdl projects\core\sdlcore\sdl core engine\source\framework\debug\particleemitter.obj
c:\users\pascal\desktop\sdl projects\core\sdlcore\sdl core engine\source\framework\debug\playerbullettrailparticle.obj
c:\users\pascal\desktop\sdl projects\core\sdlcore\sdl core engine\source\framework\debug\sprite.obj
c:\users\pascal\desktop\sdl projects\core\sdlcore\sdl core engine\source\framework\debug\textparticle.obj
c:\users\pascal\desktop\sdl projects\core\sdlcore\sdl core engine\source\framework\debug\texture.obj
c:\users\pascal\desktop\sdl projects\core\sdlcore\sdl core engine\source\framework\debug\texturemanager.obj
c:\users\pascal\desktop\sdl projects\core\sdlcore\sdl core engine\source\framework\debug\circuit breaker.tlog\cl.command.1.tlog
c:\users\pascal\desktop\sdl projects\core\sdlcore\sdl core engine\source\framework\debug\circuit breaker.tlog\cl.read.1.tlog
c:\users\pascal\desktop\sdl projects\core\sdlcore\sdl core engine\source\framework\debug\circuit breaker.tlog\cl.write.1.tlog
