Build started 08-Apr-17 8:23:14 PM.
     1>Project "C:\Users\Pascal\Desktop\SDL Projects\Core\SDLCore\SDL Core Engine\Source\Framework\Framework.vcxproj" on node 2 (Build target(s)).
     1>C:\Program Files (x86)\MSBuild\Microsoft.Cpp\v4.0\V120\Microsoft.CppBuild.targets(388,5): warning MSB8028: The intermediate directory (Debug\) contains files shared from another project (Assignment 1.vcxproj, Framework.vcxproj).  This can lead to incorrect clean and rebuild behavior.
     1>ClCompile:
         C:\Program Files (x86)\Microsoft Visual Studio 12.0\VC\bin\CL.exe /c /I"C:\Users\Pascal\Desktop\SDL Projects\Core\SDLCore\SDL Core Engine\Source\\SDL\SDL2-2.0.3\include\\" /I"C:\Users\Pascal\Desktop\SDL Projects\Core\SDLCore\SDL Core Engine\Source\\SDL\SDL2_image-2.0.0\include" /I"C:\Users\Pascal\Desktop\SDL Projects\Core\SDLCore\SDL Core Engine\Source\\FMOD\inc\\" /ZI /nologo /W3 /WX- /Od /Oy- /D WIN32 /D _DEBUG /D _WINDOWS /D _UNICODE /D UNICODE /Gm /EHsc /RTC1 /MDd /GS /fp:precise /Zc:wchar_t /Zc:forScope /Fo"Debug\\" /Fd"Debug\vc120.pdb" /Gd /TP /analyze- /errorReport:prompt backbuffer.cpp
         backbuffer.cpp
       Link:
         C:\Program Files (x86)\Microsoft Visual Studio 12.0\VC\bin\link.exe /ERRORREPORT:PROMPT /OUT:"C:\Users\Pascal\Desktop\SDL Projects\Core\SDLCore\SDL Core Engine\Source\Debug\Circuit Breaker.exe" /INCREMENTAL /NOLOGO /LIBPATH:"C:\Users\Pascal\Desktop\SDL Projects\Core\SDLCore\SDL Core Engine\Source\\SDL\SDL2-2.0.3\lib\x86" /LIBPATH:"C:\Users\Pascal\Desktop\SDL Projects\Core\SDLCore\SDL Core Engine\Source\\SDL\SDL2_image-2.0.0\lib\x86" /LIBPATH:"C:\Users\Pascal\Desktop\SDL Projects\Core\SDLCore\SDL Core Engine\Source\\FMOD\lib\\" SDL2.lib SDL2main.lib SDL2_image.lib fmodL_vc.lib SDL2_ttf.lib kernel32.lib user32.lib gdi32.lib winspool.lib comdlg32.lib advapi32.lib shell32.lib ole32.lib oleaut32.lib uuid.lib odbc32.lib odbccp32.lib /MANIFEST /MANIFESTUAC:"level='asInvoker' uiAccess='false'" /manifest:embed /DEBUG /PDB:"C:\Users\Pascal\Desktop\SDL Projects\Core\SDLCore\SDL Core Engine\Source\Debug\Circuit Breaker.pdb" /SUBSYSTEM:WINDOWS /TLBID:1 /DYNAMICBASE /NXCOMPAT /IMPLIB:"C:\Users\Pascal\Desktop\SDL Projects\Core\SDLCore\SDL Core Engine\Source\Debug\Circuit Breaker.lib" /MACHINE:X86 Debug\animatedsprite.obj
         Debug\backbuffer.obj
         Debug\label.obj
         Debug\enemy.obj
         Debug\entity.obj
         Debug\explosion.obj
         Debug\game.obj
         Debug\inputhandler.obj
         Debug\logmanager.obj
         Debug\main.obj
         Debug\particle.obj
         Debug\particleemitter.obj
         Debug\playerbullettrailparticle.obj
         Debug\sprite.obj
         Debug\textparticle.obj
         Debug\texture.obj
         Debug\texturemanager.obj
         Framework.vcxproj -> C:\Users\Pascal\Desktop\SDL Projects\Core\SDLCore\SDL Core Engine\Source\Debug\Circuit Breaker.exe
     1>Done Building Project "C:\Users\Pascal\Desktop\SDL Projects\Core\SDLCore\SDL Core Engine\Source\Framework\Framework.vcxproj" (Build target(s)).

Build succeeded.

Time Elapsed 00:00:00.79
